<?xml version="1.0" encoding="UTF-8"?>
<!-- Generated by org.testng.reporters.JUnitReportReporter -->
<testsuite hostname="NITISH" failures="0" tests="1" name="OrangeHrmsLogin.TC_ScreenShot" time="10.739" errors="0" timestamp="21 Apr 2021 03:19:04 GMT">
  <testcase classname="OrangeHrmsLogin.TC_ScreenShot" name="Login" time="10.739"/>
</testsuite> <!-- OrangeHrmsLogin.TC_ScreenShot -->
