<?xml version="1.0" encoding="UTF-8"?>
<!-- Generated by org.testng.reporters.JUnitReportReporter -->
<testsuite hostname="NITISH" failures="0" tests="1" name="OrangeHrmsLogin.ScreenShot" time="5.578" errors="0" timestamp="21 Apr 2021 01:08:37 GMT">
  <testcase classname="OrangeHrmsLogin.ScreenShot" name="Login" time="5.578"/>
</testsuite> <!-- OrangeHrmsLogin.ScreenShot -->
