<?xml version="1.0" encoding="UTF-8"?>
<!-- Generated by org.testng.reporters.JUnitReportReporter -->
<testsuite hostname="NITISH" failures="0" tests="1" name="Orange_HRMS_TestNg.TC02_TestNg" time="8.473" errors="0" timestamp="19 Apr 2021 17:44:20 GMT">
  <testcase classname="Orange_HRMS_TestNg.TC02_TestNg" name="Test" time="8.473"/>
</testsuite> <!-- Orange_HRMS_TestNg.TC02_TestNg -->
