<?xml version="1.0" encoding="UTF-8"?>
<!-- Generated by org.testng.reporters.JUnitReportReporter -->
<testsuite hostname="NITISH" failures="0" tests="2" name="Orange_HRMS_TestNg.TC_TestNg" time="0.006" errors="0" timestamp="19 Apr 2021 15:11:53 GMT">
  <testcase classname="Orange_HRMS_TestNg.TC_TestNg" name="Logout" time="0.005"/>
  <testcase classname="Orange_HRMS_TestNg.TC_TestNg" name="Login" time="0.001"/>
</testsuite> <!-- Orange_HRMS_TestNg.TC_TestNg -->
